<?xml version="1.0" encoding="UTF-8"?>
<!-- Generated by org.testng.reporters.JUnitReportReporter -->
<testsuite hostname="NIA-PC" failures="0" tests="1" name="TestBrowserStack" time="0.033" errors="0" timestamp="2022-02-25T13:16:10 IST" skipped="0">
  <testcase classname="TestBrowserStack" name="Test" time="0.033"/>
  <system-out/>
</testsuite> <!-- TestBrowserStack -->
