<?xml version="1.0" encoding="UTF-8"?>
<!-- Generated by org.testng.reporters.JUnitReportReporter -->
<testsuite hostname="NIA-PC" failures="0" tests="1" name="SearchProduct" time="38.964" errors="0" timestamp="2022-02-25T16:34:24 IST" skipped="0">
  <testcase classname="SearchProduct" name="TC01" time="38.964"/>
  <system-out/>
</testsuite> <!-- SearchProduct -->
